<?xml version="1.0" encoding="UTF-8"?>
<testng-results skipped="0" failed="0" ignored="10" total="20" passed="10">
  <reporter-output>
  </reporter-output>
  <suite name="LeafTapsSuite" duration-ms="143973" started-at="2022-08-31T04:18:27 IST" finished-at="2022-08-31T04:20:50 IST">
    <groups>
    </groups>
    <test name="Test" duration-ms="143973" started-at="2022-08-31T04:18:27 IST" finished-at="2022-08-31T04:20:50 IST">
      <class name="testCase.CreateLeadTest">
        <test-method status="PASS" signature="setFile()[pri:0, instance:testCase.CreateLeadTest@5204062d]" name="setFile" is-config="true" duration-ms="0" started-at="2022-08-31T04:18:27 IST" finished-at="2022-08-31T04:18:27 IST">
          <reporter-output>
          </reporter-output>
        </test-method> <!-- setFile -->
        <test-method status="PASS" signature="setTestCaseDetail()[pri:0, instance:testCase.CreateLeadTest@5204062d]" name="setTestCaseDetail" is-config="true" duration-ms="6" started-at="2022-08-31T04:18:27 IST" finished-at="2022-08-31T04:18:27 IST">
          <reporter-output>
          </reporter-output>
        </test-method> <!-- setTestCaseDetail -->
        <test-method status="PASS" signature="preCondition()[pri:0, instance:testCase.CreateLeadTest@5204062d]" name="preCondition" is-config="true" duration-ms="11752" started-at="2022-08-31T04:18:27 IST" finished-at="2022-08-31T04:18:39 IST">
          <reporter-output>
          </reporter-output>
        </test-method> <!-- preCondition -->
        <test-method status="PASS" signature="runCreateLead(java.lang.String,java.lang.String,java.lang.String,java.lang.String,java.lang.String,java.lang.String)[pri:0, instance:testCase.CreateLeadTest@5204062d]" name="runCreateLead" duration-ms="25849" started-at="2022-08-31T04:18:39 IST" data-provider="TestData" finished-at="2022-08-31T04:19:05 IST">
          <params>
            <param index="0">
              <value>
                <![CDATA[demosalesmanager]]>
              </value>
            </param>
            <param index="1">
              <value>
                <![CDATA[crmsfa]]>
              </value>
            </param>
            <param index="2">
              <value>
                <![CDATA[Testleaf]]>
              </value>
            </param>
            <param index="3">
              <value>
                <![CDATA[Ranjini]]>
              </value>
            </param>
            <param index="4">
              <value>
                <![CDATA[R]]>
              </value>
            </param>
            <param index="5">
              <value>
                <![CDATA[99]]>
              </value>
            </param>
          </params>
          <reporter-output>
          </reporter-output>
        </test-method> <!-- runCreateLead -->
        <test-method status="PASS" signature="postCondition()[pri:0, instance:testCase.CreateLeadTest@5204062d]" name="postCondition" is-config="true" duration-ms="2574" started-at="2022-08-31T04:19:05 IST" finished-at="2022-08-31T04:19:08 IST">
          <reporter-output>
          </reporter-output>
        </test-method> <!-- postCondition -->
        <test-method status="PASS" signature="preCondition()[pri:0, instance:testCase.CreateLeadTest@5204062d]" name="preCondition" is-config="true" duration-ms="8023" started-at="2022-08-31T04:19:08 IST" finished-at="2022-08-31T04:19:16 IST">
          <reporter-output>
          </reporter-output>
        </test-method> <!-- preCondition -->
        <test-method status="PASS" signature="runCreateLead(java.lang.String,java.lang.String,java.lang.String,java.lang.String,java.lang.String,java.lang.String)[pri:0, instance:testCase.CreateLeadTest@5204062d]" name="runCreateLead" duration-ms="24753" started-at="2022-08-31T04:19:16 IST" data-provider="TestData" finished-at="2022-08-31T04:19:40 IST">
          <params>
            <param index="0">
              <value>
                <![CDATA[democsr]]>
              </value>
            </param>
            <param index="1">
              <value>
                <![CDATA[crmsfa]]>
              </value>
            </param>
            <param index="2">
              <value>
                <![CDATA[Qeagle]]>
              </value>
            </param>
            <param index="3">
              <value>
                <![CDATA[Rajitha]]>
              </value>
            </param>
            <param index="4">
              <value>
                <![CDATA[R]]>
              </value>
            </param>
            <param index="5">
              <value>
                <![CDATA[97]]>
              </value>
            </param>
          </params>
          <reporter-output>
          </reporter-output>
        </test-method> <!-- runCreateLead -->
        <test-method status="PASS" signature="postCondition()[pri:0, instance:testCase.CreateLeadTest@5204062d]" name="postCondition" is-config="true" duration-ms="3132" started-at="2022-08-31T04:19:40 IST" finished-at="2022-08-31T04:19:44 IST">
          <reporter-output>
          </reporter-output>
        </test-method> <!-- postCondition -->
      </class> <!-- testCase.CreateLeadTest -->
      <class name="testCase.LoginTest">
        <test-method status="PASS" signature="startReport()[pri:0, instance:testCase.LoginTest@2f0a87b3]" name="startReport" is-config="true" duration-ms="612" started-at="2022-08-31T04:18:26 IST" finished-at="2022-08-31T04:18:26 IST">
          <reporter-output>
          </reporter-output>
        </test-method> <!-- startReport -->
        <test-method status="PASS" signature="setFile()[pri:0, instance:testCase.LoginTest@2f0a87b3]" name="setFile" is-config="true" duration-ms="0" started-at="2022-08-31T04:18:27 IST" finished-at="2022-08-31T04:18:27 IST">
          <reporter-output>
          </reporter-output>
        </test-method> <!-- setFile -->
        <test-method status="PASS" signature="setTestCaseDetail()[pri:0, instance:testCase.LoginTest@2f0a87b3]" name="setTestCaseDetail" is-config="true" duration-ms="7" started-at="2022-08-31T04:18:27 IST" finished-at="2022-08-31T04:18:27 IST">
          <reporter-output>
          </reporter-output>
        </test-method> <!-- setTestCaseDetail -->
        <test-method status="PASS" signature="preCondition()[pri:0, instance:testCase.LoginTest@2f0a87b3]" name="preCondition" is-config="true" duration-ms="11812" started-at="2022-08-31T04:18:27 IST" finished-at="2022-08-31T04:18:39 IST">
          <reporter-output>
          </reporter-output>
        </test-method> <!-- preCondition -->
        <test-method status="PASS" signature="runLogin(java.lang.String,java.lang.String)[pri:0, instance:testCase.LoginTest@2f0a87b3]" name="runLogin" duration-ms="3046" started-at="2022-08-31T04:18:39 IST" data-provider="TestData" finished-at="2022-08-31T04:18:42 IST">
          <params>
            <param index="0">
              <value>
                <![CDATA[demosalesmanager]]>
              </value>
            </param>
            <param index="1">
              <value>
                <![CDATA[crmsfa]]>
              </value>
            </param>
          </params>
          <reporter-output>
          </reporter-output>
        </test-method> <!-- runLogin -->
        <test-method status="PASS" signature="postCondition()[pri:0, instance:testCase.LoginTest@2f0a87b3]" name="postCondition" is-config="true" duration-ms="388" started-at="2022-08-31T04:18:42 IST" finished-at="2022-08-31T04:18:43 IST">
          <reporter-output>
          </reporter-output>
        </test-method> <!-- postCondition -->
        <test-method status="PASS" signature="preCondition()[pri:0, instance:testCase.LoginTest@2f0a87b3]" name="preCondition" is-config="true" duration-ms="8227" started-at="2022-08-31T04:18:43 IST" finished-at="2022-08-31T04:18:51 IST">
          <reporter-output>
          </reporter-output>
        </test-method> <!-- preCondition -->
        <test-method status="PASS" signature="runLogin(java.lang.String,java.lang.String)[pri:0, instance:testCase.LoginTest@2f0a87b3]" name="runLogin" duration-ms="1913" started-at="2022-08-31T04:18:51 IST" data-provider="TestData" finished-at="2022-08-31T04:18:53 IST">
          <params>
            <param index="0">
              <value>
                <![CDATA[democsr]]>
              </value>
            </param>
            <param index="1">
              <value>
                <![CDATA[crmsfa]]>
              </value>
            </param>
          </params>
          <reporter-output>
          </reporter-output>
        </test-method> <!-- runLogin -->
        <test-method status="PASS" signature="postCondition()[pri:0, instance:testCase.LoginTest@2f0a87b3]" name="postCondition" is-config="true" duration-ms="261" started-at="2022-08-31T04:18:53 IST" finished-at="2022-08-31T04:18:53 IST">
          <reporter-output>
          </reporter-output>
        </test-method> <!-- postCondition -->
        <test-method status="PASS" signature="stopReport()[pri:0, instance:testCase.LoginTest@2f0a87b3]" name="stopReport" is-config="true" duration-ms="690" started-at="2022-08-31T04:20:51 IST" finished-at="2022-08-31T04:20:51 IST">
          <reporter-output>
          </reporter-output>
        </test-method> <!-- stopReport -->
      </class> <!-- testCase.LoginTest -->
      <class name="testCase.MergeLeadTest">
        <test-method status="PASS" signature="setFile()[pri:0, instance:testCase.MergeLeadTest@5d11346a]" name="setFile" is-config="true" duration-ms="0" started-at="2022-08-31T04:18:27 IST" finished-at="2022-08-31T04:18:27 IST">
          <reporter-output>
          </reporter-output>
        </test-method> <!-- setFile -->
        <test-method status="PASS" signature="setTestCaseDetail()[pri:0, instance:testCase.MergeLeadTest@5d11346a]" name="setTestCaseDetail" is-config="true" duration-ms="0" started-at="2022-08-31T04:19:44 IST" finished-at="2022-08-31T04:19:44 IST">
          <reporter-output>
          </reporter-output>
        </test-method> <!-- setTestCaseDetail -->
        <test-method status="PASS" signature="preCondition()[pri:0, instance:testCase.MergeLeadTest@5d11346a]" name="preCondition" is-config="true" duration-ms="10968" started-at="2022-08-31T04:19:44 IST" finished-at="2022-08-31T04:19:55 IST">
          <reporter-output>
          </reporter-output>
        </test-method> <!-- preCondition -->
        <test-method status="PASS" signature="runMergeLead(java.lang.String,java.lang.String,java.lang.String,java.lang.String)[pri:0, instance:testCase.MergeLeadTest@5d11346a]" name="runMergeLead" duration-ms="36289" started-at="2022-08-31T04:19:55 IST" data-provider="TestData" finished-at="2022-08-31T04:20:31 IST">
          <params>
            <param index="0">
              <value>
                <![CDATA[demosalesmanager]]>
              </value>
            </param>
            <param index="1">
              <value>
                <![CDATA[crmsfa]]>
              </value>
            </param>
            <param index="2">
              <value>
                <![CDATA[Hari]]>
              </value>
            </param>
            <param index="3">
              <value>
                <![CDATA[Babu]]>
              </value>
            </param>
          </params>
          <reporter-output>
          </reporter-output>
        </test-method> <!-- runMergeLead -->
        <test-method status="PASS" signature="postCondition()[pri:0, instance:testCase.MergeLeadTest@5d11346a]" name="postCondition" is-config="true" duration-ms="2374" started-at="2022-08-31T04:20:31 IST" finished-at="2022-08-31T04:20:33 IST">
          <reporter-output>
          </reporter-output>
        </test-method> <!-- postCondition -->
      </class> <!-- testCase.MergeLeadTest -->
      <class name="testCase.EditLeadTest">
        <test-method status="PASS" signature="setFile()[pri:0, instance:testCase.EditLeadTest@4fcd19b3]" name="setFile" is-config="true" duration-ms="1" started-at="2022-08-31T04:18:27 IST" finished-at="2022-08-31T04:18:27 IST">
          <reporter-output>
          </reporter-output>
        </test-method> <!-- setFile -->
        <test-method status="PASS" signature="setTestCaseDetail()[pri:0, instance:testCase.EditLeadTest@4fcd19b3]" name="setTestCaseDetail" is-config="true" duration-ms="5" started-at="2022-08-31T04:18:27 IST" finished-at="2022-08-31T04:18:27 IST">
          <reporter-output>
          </reporter-output>
        </test-method> <!-- setTestCaseDetail -->
        <test-method status="PASS" signature="preCondition()[pri:0, instance:testCase.EditLeadTest@4fcd19b3]" name="preCondition" is-config="true" duration-ms="11760" started-at="2022-08-31T04:18:27 IST" finished-at="2022-08-31T04:18:39 IST">
          <reporter-output>
          </reporter-output>
        </test-method> <!-- preCondition -->
        <test-method status="PASS" signature="runEditLead(java.lang.String,java.lang.String,java.lang.String,java.lang.String)[pri:0, instance:testCase.EditLeadTest@4fcd19b3]" name="runEditLead" duration-ms="32285" started-at="2022-08-31T04:18:39 IST" data-provider="TestData" finished-at="2022-08-31T04:19:11 IST">
          <params>
            <param index="0">
              <value>
                <![CDATA[demosalesmanager]]>
              </value>
            </param>
            <param index="1">
              <value>
                <![CDATA[crmsfa]]>
              </value>
            </param>
            <param index="2">
              <value>
                <![CDATA[99]]>
              </value>
            </param>
            <param index="3">
              <value>
                <![CDATA[TCS]]>
              </value>
            </param>
          </params>
          <reporter-output>
          </reporter-output>
        </test-method> <!-- runEditLead -->
        <test-method status="PASS" signature="postCondition()[pri:0, instance:testCase.EditLeadTest@4fcd19b3]" name="postCondition" is-config="true" duration-ms="2862" started-at="2022-08-31T04:19:12 IST" finished-at="2022-08-31T04:19:14 IST">
          <reporter-output>
          </reporter-output>
        </test-method> <!-- postCondition -->
        <test-method status="PASS" signature="preCondition()[pri:0, instance:testCase.EditLeadTest@4fcd19b3]" name="preCondition" is-config="true" duration-ms="6587" started-at="2022-08-31T04:19:14 IST" finished-at="2022-08-31T04:19:21 IST">
          <reporter-output>
          </reporter-output>
        </test-method> <!-- preCondition -->
        <test-method status="PASS" signature="runEditLead(java.lang.String,java.lang.String,java.lang.String,java.lang.String)[pri:0, instance:testCase.EditLeadTest@4fcd19b3]" name="runEditLead" duration-ms="33560" started-at="2022-08-31T04:19:21 IST" data-provider="TestData" finished-at="2022-08-31T04:19:55 IST">
          <params>
            <param index="0">
              <value>
                <![CDATA[democsr]]>
              </value>
            </param>
            <param index="1">
              <value>
                <![CDATA[crmsfa]]>
              </value>
            </param>
            <param index="2">
              <value>
                <![CDATA[97]]>
              </value>
            </param>
            <param index="3">
              <value>
                <![CDATA[CTS]]>
              </value>
            </param>
          </params>
          <reporter-output>
          </reporter-output>
        </test-method> <!-- runEditLead -->
        <test-method status="PASS" signature="postCondition()[pri:0, instance:testCase.EditLeadTest@4fcd19b3]" name="postCondition" is-config="true" duration-ms="1204" started-at="2022-08-31T04:19:55 IST" finished-at="2022-08-31T04:19:56 IST">
          <reporter-output>
          </reporter-output>
        </test-method> <!-- postCondition -->
      </class> <!-- testCase.EditLeadTest -->
      <class name="testCase.DeleteLeadTest">
        <test-method status="PASS" signature="setFile()[pri:0, instance:testCase.DeleteLeadTest@376b4233]" name="setFile" is-config="true" duration-ms="0" started-at="2022-08-31T04:18:27 IST" finished-at="2022-08-31T04:18:27 IST">
          <reporter-output>
          </reporter-output>
        </test-method> <!-- setFile -->
        <test-method status="PASS" signature="setTestCaseDetail()[pri:0, instance:testCase.DeleteLeadTest@376b4233]" name="setTestCaseDetail" is-config="true" duration-ms="1" started-at="2022-08-31T04:18:53 IST" finished-at="2022-08-31T04:18:53 IST">
          <reporter-output>
          </reporter-output>
        </test-method> <!-- setTestCaseDetail -->
        <test-method status="PASS" signature="preCondition()[pri:0, instance:testCase.DeleteLeadTest@376b4233]" name="preCondition" is-config="true" duration-ms="8875" started-at="2022-08-31T04:18:53 IST" finished-at="2022-08-31T04:19:02 IST">
          <reporter-output>
          </reporter-output>
        </test-method> <!-- preCondition -->
        <test-method status="PASS" signature="runDeleteLead(java.lang.String,java.lang.String,java.lang.String)[pri:0, instance:testCase.DeleteLeadTest@376b4233]" name="runDeleteLead" duration-ms="29138" started-at="2022-08-31T04:19:02 IST" data-provider="TestData" finished-at="2022-08-31T04:19:31 IST">
          <params>
            <param index="0">
              <value>
                <![CDATA[demosalesmanager]]>
              </value>
            </param>
            <param index="1">
              <value>
                <![CDATA[crmsfa]]>
              </value>
            </param>
            <param index="2">
              <value>
                <![CDATA[99]]>
              </value>
            </param>
          </params>
          <reporter-output>
          </reporter-output>
        </test-method> <!-- runDeleteLead -->
        <test-method status="PASS" signature="postCondition()[pri:0, instance:testCase.DeleteLeadTest@376b4233]" name="postCondition" is-config="true" duration-ms="1207" started-at="2022-08-31T04:19:31 IST" finished-at="2022-08-31T04:19:33 IST">
          <reporter-output>
          </reporter-output>
        </test-method> <!-- postCondition -->
      </class> <!-- testCase.DeleteLeadTest -->
      <class name="testCase.DuplicateLeadTest">
        <test-method status="PASS" signature="setFile()[pri:0, instance:testCase.DuplicateLeadTest@2fd66ad3]" name="setFile" is-config="true" duration-ms="0" started-at="2022-08-31T04:18:27 IST" finished-at="2022-08-31T04:18:27 IST">
          <reporter-output>
          </reporter-output>
        </test-method> <!-- setFile -->
        <test-method status="PASS" signature="setTestCaseDetail()[pri:0, instance:testCase.DuplicateLeadTest@2fd66ad3]" name="setTestCaseDetail" is-config="true" duration-ms="0" started-at="2022-08-31T04:19:33 IST" finished-at="2022-08-31T04:19:33 IST">
          <reporter-output>
          </reporter-output>
        </test-method> <!-- setTestCaseDetail -->
        <test-method status="PASS" signature="preCondition()[pri:0, instance:testCase.DuplicateLeadTest@2fd66ad3]" name="preCondition" is-config="true" duration-ms="12727" started-at="2022-08-31T04:19:33 IST" finished-at="2022-08-31T04:19:46 IST">
          <reporter-output>
          </reporter-output>
        </test-method> <!-- preCondition -->
        <test-method status="PASS" signature="runDuplicateLead(java.lang.String,java.lang.String,java.lang.String)[pri:0, instance:testCase.DuplicateLeadTest@2fd66ad3]" name="runDuplicateLead" duration-ms="35115" started-at="2022-08-31T04:19:46 IST" data-provider="TestData" finished-at="2022-08-31T04:20:21 IST">
          <params>
            <param index="0">
              <value>
                <![CDATA[demosalesmanager]]>
              </value>
            </param>
            <param index="1">
              <value>
                <![CDATA[crmsfa]]>
              </value>
            </param>
            <param index="2">
              <value>
                <![CDATA[99]]>
              </value>
            </param>
          </params>
          <reporter-output>
          </reporter-output>
        </test-method> <!-- runDuplicateLead -->
        <test-method status="PASS" signature="postCondition()[pri:0, instance:testCase.DuplicateLeadTest@2fd66ad3]" name="postCondition" is-config="true" duration-ms="2407" started-at="2022-08-31T04:20:21 IST" finished-at="2022-08-31T04:20:23 IST">
          <reporter-output>
          </reporter-output>
        </test-method> <!-- postCondition -->
        <test-method status="PASS" signature="preCondition()[pri:0, instance:testCase.DuplicateLeadTest@2fd66ad3]" name="preCondition" is-config="true" duration-ms="5789" started-at="2022-08-31T04:20:23 IST" finished-at="2022-08-31T04:20:29 IST">
          <reporter-output>
          </reporter-output>
        </test-method> <!-- preCondition -->
        <test-method status="PASS" signature="runDuplicateLead(java.lang.String,java.lang.String,java.lang.String)[pri:0, instance:testCase.DuplicateLeadTest@2fd66ad3]" name="runDuplicateLead" duration-ms="21182" started-at="2022-08-31T04:20:29 IST" data-provider="TestData" finished-at="2022-08-31T04:20:50 IST">
          <params>
            <param index="0">
              <value>
                <![CDATA[democsr]]>
              </value>
            </param>
            <param index="1">
              <value>
                <![CDATA[crmsfa]]>
              </value>
            </param>
            <param index="2">
              <value>
                <![CDATA[97]]>
              </value>
            </param>
          </params>
          <reporter-output>
          </reporter-output>
        </test-method> <!-- runDuplicateLead -->
        <test-method status="PASS" signature="postCondition()[pri:0, instance:testCase.DuplicateLeadTest@2fd66ad3]" name="postCondition" is-config="true" duration-ms="227" started-at="2022-08-31T04:20:50 IST" finished-at="2022-08-31T04:20:50 IST">
          <reporter-output>
          </reporter-output>
        </test-method> <!-- postCondition -->
      </class> <!-- testCase.DuplicateLeadTest -->
    </test> <!-- Test -->
  </suite> <!-- LeafTapsSuite -->
</testng-results>
