<?xml version="1.0" encoding="UTF-8"?>
<!-- Generated by org.testng.reporters.JUnitXMLReporter -->
<testsuite hostname="Ria" ignored="10" name="Test" tests="10" failures="0" timestamp="2022-08-31T04:20:50 IST" time="143.973" errors="0">
  <testcase name="runLogin" time="3.046" classname="testCase.LoginTest"/>
  <testcase name="runLogin" time="1.913" classname="testCase.LoginTest"/>
  <testcase name="runCreateLead" time="25.849" classname="testCase.CreateLeadTest"/>
  <testcase name="runEditLead" time="32.285" classname="testCase.EditLeadTest"/>
  <testcase name="runDeleteLead" time="29.138" classname="testCase.DeleteLeadTest"/>
  <testcase name="runCreateLead" time="24.753" classname="testCase.CreateLeadTest"/>
  <testcase name="runEditLead" time="33.56" classname="testCase.EditLeadTest"/>
  <testcase name="runDuplicateLead" time="35.115" classname="testCase.DuplicateLeadTest"/>
  <testcase name="runMergeLead" time="36.289" classname="testCase.MergeLeadTest"/>
  <testcase name="runDuplicateLead" time="21.182" classname="testCase.DuplicateLeadTest"/>
  <testcase name="@AfterSuite stopReport" time="0.0" classname="parentClass.ProjectSpecificationMethod">
    <ignored/>
  </testcase> <!-- @AfterSuite stopReport -->
  <testcase name="@AfterSuite stopReport" time="0.0" classname="parentClass.ProjectSpecificationMethod">
    <ignored/>
  </testcase> <!-- @AfterSuite stopReport -->
  <testcase name="@AfterSuite stopReport" time="0.0" classname="parentClass.ProjectSpecificationMethod">
    <ignored/>
  </testcase> <!-- @AfterSuite stopReport -->
  <testcase name="@AfterSuite stopReport" time="0.0" classname="parentClass.ProjectSpecificationMethod">
    <ignored/>
  </testcase> <!-- @AfterSuite stopReport -->
  <testcase name="@AfterSuite stopReport" time="0.0" classname="parentClass.ProjectSpecificationMethod">
    <ignored/>
  </testcase> <!-- @AfterSuite stopReport -->
  <testcase name="@BeforeSuite startReport" time="0.0" classname="parentClass.ProjectSpecificationMethod">
    <ignored/>
  </testcase> <!-- @BeforeSuite startReport -->
  <testcase name="@BeforeSuite startReport" time="0.0" classname="parentClass.ProjectSpecificationMethod">
    <ignored/>
  </testcase> <!-- @BeforeSuite startReport -->
  <testcase name="@BeforeSuite startReport" time="0.0" classname="parentClass.ProjectSpecificationMethod">
    <ignored/>
  </testcase> <!-- @BeforeSuite startReport -->
  <testcase name="@BeforeSuite startReport" time="0.0" classname="parentClass.ProjectSpecificationMethod">
    <ignored/>
  </testcase> <!-- @BeforeSuite startReport -->
  <testcase name="@BeforeSuite startReport" time="0.0" classname="parentClass.ProjectSpecificationMethod">
    <ignored/>
  </testcase> <!-- @BeforeSuite startReport -->
</testsuite> <!-- Test -->
